2020-06-15 15:34:25,030 INFO [main] r.e.Application [StartupInfoLogger.java:55] Starting Application v1.1-SNAPSHOT on MBP-Anton with PID 88234 (/Users/simao/Downloads/DINSQA/artifacts/phonebook.jar started by simao in /Users/simao/Downloads/DINSQA)
2020-06-15 15:34:25,035 INFO [main] r.e.Application [SpringApplication.java:651] No active profile set, falling back to default profiles: default
2020-06-15 15:34:26,153 INFO [main] o.s.d.r.c.RepositoryConfigurationDelegate [RepositoryConfigurationDelegate.java:126] Bootstrapping Spring Data repositories in DEFAULT mode.
2020-06-15 15:34:26,277 INFO [main] o.s.d.r.c.RepositoryConfigurationDelegate [RepositoryConfigurationDelegate.java:182] Finished Spring Data repository scanning in 95ms. Found 2 repository interfaces.
2020-06-15 15:34:26,853 INFO [main] o.s.c.s.PostProcessorRegistrationDelegate$BeanPostProcessorChecker [PostProcessorRegistrationDelegate.java:330] Bean 'org.springframework.transaction.annotation.ProxyTransactionManagementConfiguration' of type [org.springframework.transaction.annotation.ProxyTransactionManagementConfiguration] is not eligible for getting processed by all BeanPostProcessors (for example: not eligible for auto-proxying)
2020-06-15 15:34:27,297 INFO [main] o.s.b.w.e.t.TomcatWebServer [TomcatWebServer.java:92] Tomcat initialized with port(s): 8080 (http)
2020-06-15 15:34:27,319 INFO [main] o.a.c.h.Http11NioProtocol [DirectJDKLog.java:173] Initializing ProtocolHandler ["http-nio-8080"]
2020-06-15 15:34:27,320 INFO [main] o.a.c.c.StandardService [DirectJDKLog.java:173] Starting service [Tomcat]
2020-06-15 15:34:27,321 INFO [main] o.a.c.c.StandardEngine [DirectJDKLog.java:173] Starting Servlet engine: [Apache Tomcat/9.0.27]
2020-06-15 15:34:27,429 INFO [main] o.a.c.c.C.[.[.[/] [DirectJDKLog.java:173] Initializing Spring embedded WebApplicationContext
2020-06-15 15:34:27,433 INFO [main] o.s.w.c.ContextLoader [ServletWebServerApplicationContext.java:284] Root WebApplicationContext: initialization completed in 2290 ms
2020-06-15 15:34:27,634 INFO [main] o.f.c.i.l.VersionPrinter [Slf4jLog.java:49] Flyway Community Edition 6.0.6 by Redgate
2020-06-15 15:34:27,647 INFO [main] c.z.h.HikariDataSource [HikariDataSource.java:110] HikariPool-1 - Starting...
2020-06-15 15:34:28,001 INFO [main] c.z.h.HikariDataSource [HikariDataSource.java:123] HikariPool-1 - Start completed.
2020-06-15 15:34:28,048 INFO [main] o.f.c.i.d.DatabaseFactory [Slf4jLog.java:49] Database: jdbc:h2:mem:testdb (H2 1.4)
2020-06-15 15:34:28,159 INFO [main] o.f.c.i.c.DbValidate [Slf4jLog.java:49] Successfully validated 2 migrations (execution time 00:00.036s)
2020-06-15 15:34:28,179 INFO [main] o.f.c.i.s.JdbcTableSchemaHistory [Slf4jLog.java:49] Creating Schema History table "PUBLIC"."flyway_schema_history" ...
2020-06-15 15:34:28,236 INFO [main] o.f.c.i.c.DbMigrate [Slf4jLog.java:49] Current version of schema "PUBLIC": << Empty Schema >>
2020-06-15 15:34:28,245 INFO [main] o.f.c.i.c.DbMigrate [Slf4jLog.java:49] Migrating schema "PUBLIC" to version 1 - init DB
2020-06-15 15:34:28,282 INFO [main] o.f.c.i.c.DbMigrate [Slf4jLog.java:49] Migrating schema "PUBLIC" to version 2 - add user and contact
2020-06-15 15:34:28,303 INFO [main] o.f.c.i.c.DbMigrate [Slf4jLog.java:49] Successfully applied 2 migrations to schema "PUBLIC" (execution time 00:00.080s)
2020-06-15 15:34:28,459 INFO [main] o.h.j.i.u.LogHelper [LogHelper.java:31] HHH000204: Processing PersistenceUnitInfo [name: default]
2020-06-15 15:34:28,603 INFO [main] o.h.Version [Version.java:46] HHH000412: Hibernate Core {5.4.6.Final}
2020-06-15 15:34:28,994 INFO [main] o.h.a.c.Version [JavaReflectionManager.java:49] HCANN000001: Hibernate Commons Annotations {5.1.0.Final}
2020-06-15 15:34:29,216 INFO [main] o.h.d.Dialect [Dialect.java:172] HHH000400: Using dialect: org.hibernate.dialect.H2Dialect
2020-06-15 15:34:30,643 INFO [main] o.h.e.t.j.p.i.JtaPlatformInitiator [JtaPlatformInitiator.java:52] HHH000490: Using JtaPlatform implementation: [org.hibernate.engine.transaction.jta.platform.internal.NoJtaPlatform]
2020-06-15 15:34:30,662 INFO [main] o.s.o.j.LocalContainerEntityManagerFactoryBean [AbstractEntityManagerFactoryBean.java:416] Initialized JPA EntityManagerFactory for persistence unit 'default'
2020-06-15 15:34:32,058 INFO [main] o.s.s.c.ThreadPoolTaskExecutor [ExecutorConfigurationSupport.java:171] Initializing ExecutorService 'applicationTaskExecutor'
2020-06-15 15:34:33,708 INFO [main] o.a.c.h.Http11NioProtocol [DirectJDKLog.java:173] Starting ProtocolHandler ["http-nio-8080"]
2020-06-15 15:34:33,782 INFO [main] o.s.b.w.e.t.TomcatWebServer [TomcatWebServer.java:204] Tomcat started on port(s): 8080 (http) with context path ''
2020-06-15 15:34:33,786 INFO [main] r.e.Application [StartupInfoLogger.java:61] Started Application in 11.316 seconds (JVM running for 12.381)
2020-06-15 15:34:50,362 INFO [http-nio-8080-exec-1] o.a.c.c.C.[.[.[/] [DirectJDKLog.java:173] Initializing Spring DispatcherServlet 'dispatcherServlet'
2020-06-15 15:34:50,363 INFO [http-nio-8080-exec-1] o.s.w.s.DispatcherServlet [FrameworkServlet.java:525] Initializing Servlet 'dispatcherServlet'
2020-06-15 15:34:50,376 INFO [http-nio-8080-exec-1] o.s.w.s.DispatcherServlet [FrameworkServlet.java:547] Completed initialization in 12 ms
2020-06-15 15:35:13,686 INFO [http-nio-8080-exec-3] r.e.s.i.UserServiceImpl [UserServiceImpl.java:74] User with this firstName:Marcelo and lastName:Satterfield is created
2020-06-15 15:35:52,478 INFO [http-nio-8080-exec-5] r.e.s.i.UserServiceImpl [UserServiceImpl.java:74] User with this firstName:Garth and lastName:Mills is created
2020-06-15 15:36:20,639 INFO [http-nio-8080-exec-9] r.e.s.i.UserServiceImpl [UserServiceImpl.java:65] User with this id:3 is changed
2020-06-15 15:37:08,425 INFO [http-nio-8080-exec-3] r.e.s.i.UserServiceImpl [UserServiceImpl.java:83] User with this id:4 is deleted
2020-06-15 15:39:16,687 INFO [SpringContextShutdownHook] o.s.s.c.ThreadPoolTaskExecutor [ExecutorConfigurationSupport.java:208] Shutting down ExecutorService 'applicationTaskExecutor'
2020-06-15 15:39:16,697 INFO [SpringContextShutdownHook] o.s.o.j.LocalContainerEntityManagerFactoryBean [AbstractEntityManagerFactoryBean.java:598] Closing JPA EntityManagerFactory for persistence unit 'default'
2020-06-15 15:39:16,729 INFO [SpringContextShutdownHook] c.z.h.HikariDataSource [HikariDataSource.java:350] HikariPool-1 - Shutdown initiated...
2020-06-15 15:39:16,743 INFO [SpringContextShutdownHook] c.z.h.HikariDataSource [HikariDataSource.java:352] HikariPool-1 - Shutdown completed.
2020-06-15 15:39:50,307 INFO [main] r.e.Application [StartupInfoLogger.java:55] Starting Application v1.1-SNAPSHOT on MBP-Anton with PID 88308 (/Users/simao/Downloads/DINSQA/artifacts/phonebook.jar started by simao in /Users/simao/Downloads/DINSQA)
2020-06-15 15:39:50,313 INFO [main] r.e.Application [SpringApplication.java:651] No active profile set, falling back to default profiles: default
2020-06-15 15:39:51,245 INFO [main] o.s.d.r.c.RepositoryConfigurationDelegate [RepositoryConfigurationDelegate.java:126] Bootstrapping Spring Data repositories in DEFAULT mode.
2020-06-15 15:39:51,359 INFO [main] o.s.d.r.c.RepositoryConfigurationDelegate [RepositoryConfigurationDelegate.java:182] Finished Spring Data repository scanning in 88ms. Found 2 repository interfaces.
2020-06-15 15:39:51,884 INFO [main] o.s.c.s.PostProcessorRegistrationDelegate$BeanPostProcessorChecker [PostProcessorRegistrationDelegate.java:330] Bean 'org.springframework.transaction.annotation.ProxyTransactionManagementConfiguration' of type [org.springframework.transaction.annotation.ProxyTransactionManagementConfiguration] is not eligible for getting processed by all BeanPostProcessors (for example: not eligible for auto-proxying)
2020-06-15 15:39:52,255 INFO [main] o.s.b.w.e.t.TomcatWebServer [TomcatWebServer.java:92] Tomcat initialized with port(s): 8080 (http)
2020-06-15 15:39:52,271 INFO [main] o.a.c.h.Http11NioProtocol [DirectJDKLog.java:173] Initializing ProtocolHandler ["http-nio-8080"]
2020-06-15 15:39:52,272 INFO [main] o.a.c.c.StandardService [DirectJDKLog.java:173] Starting service [Tomcat]
2020-06-15 15:39:52,272 INFO [main] o.a.c.c.StandardEngine [DirectJDKLog.java:173] Starting Servlet engine: [Apache Tomcat/9.0.27]
2020-06-15 15:39:52,362 INFO [main] o.a.c.c.C.[.[.[/] [DirectJDKLog.java:173] Initializing Spring embedded WebApplicationContext
2020-06-15 15:39:52,362 INFO [main] o.s.w.c.ContextLoader [ServletWebServerApplicationContext.java:284] Root WebApplicationContext: initialization completed in 1971 ms
2020-06-15 15:39:52,542 INFO [main] o.f.c.i.l.VersionPrinter [Slf4jLog.java:49] Flyway Community Edition 6.0.6 by Redgate
2020-06-15 15:39:52,553 INFO [main] c.z.h.HikariDataSource [HikariDataSource.java:110] HikariPool-1 - Starting...
2020-06-15 15:39:52,835 INFO [main] c.z.h.HikariDataSource [HikariDataSource.java:123] HikariPool-1 - Start completed.
2020-06-15 15:39:52,915 INFO [main] o.f.c.i.d.DatabaseFactory [Slf4jLog.java:49] Database: jdbc:h2:mem:testdb (H2 1.4)
2020-06-15 15:39:53,015 INFO [main] o.f.c.i.c.DbValidate [Slf4jLog.java:49] Successfully validated 2 migrations (execution time 00:00.036s)
2020-06-15 15:39:53,033 INFO [main] o.f.c.i.s.JdbcTableSchemaHistory [Slf4jLog.java:49] Creating Schema History table "PUBLIC"."flyway_schema_history" ...
2020-06-15 15:39:53,092 INFO [main] o.f.c.i.c.DbMigrate [Slf4jLog.java:49] Current version of schema "PUBLIC": << Empty Schema >>
2020-06-15 15:39:53,099 INFO [main] o.f.c.i.c.DbMigrate [Slf4jLog.java:49] Migrating schema "PUBLIC" to version 1 - init DB
2020-06-15 15:39:53,143 INFO [main] o.f.c.i.c.DbMigrate [Slf4jLog.java:49] Migrating schema "PUBLIC" to version 2 - add user and contact
2020-06-15 15:39:53,165 INFO [main] o.f.c.i.c.DbMigrate [Slf4jLog.java:49] Successfully applied 2 migrations to schema "PUBLIC" (execution time 00:00.087s)
2020-06-15 15:39:53,307 INFO [main] o.h.j.i.u.LogHelper [LogHelper.java:31] HHH000204: Processing PersistenceUnitInfo [name: default]
2020-06-15 15:39:53,451 INFO [main] o.h.Version [Version.java:46] HHH000412: Hibernate Core {5.4.6.Final}
2020-06-15 15:39:53,775 INFO [main] o.h.a.c.Version [JavaReflectionManager.java:49] HCANN000001: Hibernate Commons Annotations {5.1.0.Final}
2020-06-15 15:39:54,003 INFO [main] o.h.d.Dialect [Dialect.java:172] HHH000400: Using dialect: org.hibernate.dialect.H2Dialect
2020-06-15 15:39:55,074 INFO [main] o.h.e.t.j.p.i.JtaPlatformInitiator [JtaPlatformInitiator.java:52] HHH000490: Using JtaPlatform implementation: [org.hibernate.engine.transaction.jta.platform.internal.NoJtaPlatform]
2020-06-15 15:39:55,085 INFO [main] o.s.o.j.LocalContainerEntityManagerFactoryBean [AbstractEntityManagerFactoryBean.java:416] Initialized JPA EntityManagerFactory for persistence unit 'default'
2020-06-15 15:39:56,303 INFO [main] o.s.s.c.ThreadPoolTaskExecutor [ExecutorConfigurationSupport.java:171] Initializing ExecutorService 'applicationTaskExecutor'
2020-06-15 15:39:58,133 INFO [main] o.a.c.h.Http11NioProtocol [DirectJDKLog.java:173] Starting ProtocolHandler ["http-nio-8080"]
2020-06-15 15:39:58,203 INFO [main] o.s.b.w.e.t.TomcatWebServer [TomcatWebServer.java:204] Tomcat started on port(s): 8080 (http) with context path ''
2020-06-15 15:39:58,208 INFO [main] r.e.Application [StartupInfoLogger.java:61] Started Application in 8.567 seconds (JVM running for 9.425)
2020-06-15 15:40:00,326 INFO [http-nio-8080-exec-1] o.a.c.c.C.[.[.[/] [DirectJDKLog.java:173] Initializing Spring DispatcherServlet 'dispatcherServlet'
2020-06-15 15:40:00,328 INFO [http-nio-8080-exec-1] o.s.w.s.DispatcherServlet [FrameworkServlet.java:525] Initializing Servlet 'dispatcherServlet'
2020-06-15 15:40:00,339 INFO [http-nio-8080-exec-1] o.s.w.s.DispatcherServlet [FrameworkServlet.java:547] Completed initialization in 11 ms
2020-06-15 15:40:00,527 INFO [http-nio-8080-exec-1] r.e.s.i.UserServiceImpl [UserServiceImpl.java:74] User with this firstName:Wilber and lastName:Schimmel is created
2020-06-15 15:40:14,727 INFO [http-nio-8080-exec-3] r.e.s.i.UserServiceImpl [UserServiceImpl.java:74] User with this firstName:Jamaal and lastName:Goldner is created
2020-06-15 15:40:25,866 INFO [http-nio-8080-exec-5] r.e.s.i.UserServiceImpl [UserServiceImpl.java:65] User with this id:3 is changed
2020-06-15 15:40:45,359 INFO [http-nio-8080-exec-7] r.e.s.i.UserServiceImpl [UserServiceImpl.java:83] User with this id:4 is deleted
2020-06-15 15:44:34,242 INFO [SpringContextShutdownHook] o.s.s.c.ThreadPoolTaskExecutor [ExecutorConfigurationSupport.java:208] Shutting down ExecutorService 'applicationTaskExecutor'
2020-06-15 15:44:34,257 INFO [SpringContextShutdownHook] o.s.o.j.LocalContainerEntityManagerFactoryBean [AbstractEntityManagerFactoryBean.java:598] Closing JPA EntityManagerFactory for persistence unit 'default'
2020-06-15 15:44:34,283 INFO [SpringContextShutdownHook] c.z.h.HikariDataSource [HikariDataSource.java:350] HikariPool-1 - Shutdown initiated...
2020-06-15 15:44:34,296 INFO [SpringContextShutdownHook] c.z.h.HikariDataSource [HikariDataSource.java:352] HikariPool-1 - Shutdown completed.
2020-06-15 15:45:26,992 INFO [main] r.e.Application [StartupInfoLogger.java:55] Starting Application v1.1-SNAPSHOT on MBP-Anton with PID 88388 (/Users/simao/Downloads/DINSQA/artifacts/phonebook.jar started by simao in /Users/simao/Downloads/DINSQA)
2020-06-15 15:45:26,999 INFO [main] r.e.Application [SpringApplication.java:651] No active profile set, falling back to default profiles: default
2020-06-15 15:45:27,880 INFO [main] o.s.d.r.c.RepositoryConfigurationDelegate [RepositoryConfigurationDelegate.java:126] Bootstrapping Spring Data repositories in DEFAULT mode.
2020-06-15 15:45:27,989 INFO [main] o.s.d.r.c.RepositoryConfigurationDelegate [RepositoryConfigurationDelegate.java:182] Finished Spring Data repository scanning in 94ms. Found 2 repository interfaces.
2020-06-15 15:45:28,444 INFO [main] o.s.c.s.PostProcessorRegistrationDelegate$BeanPostProcessorChecker [PostProcessorRegistrationDelegate.java:330] Bean 'org.springframework.transaction.annotation.ProxyTransactionManagementConfiguration' of type [org.springframework.transaction.annotation.ProxyTransactionManagementConfiguration] is not eligible for getting processed by all BeanPostProcessors (for example: not eligible for auto-proxying)
2020-06-15 15:45:28,839 INFO [main] o.s.b.w.e.t.TomcatWebServer [TomcatWebServer.java:92] Tomcat initialized with port(s): 8080 (http)
2020-06-15 15:45:28,857 INFO [main] o.a.c.h.Http11NioProtocol [DirectJDKLog.java:173] Initializing ProtocolHandler ["http-nio-8080"]
2020-06-15 15:45:28,858 INFO [main] o.a.c.c.StandardService [DirectJDKLog.java:173] Starting service [Tomcat]
2020-06-15 15:45:28,859 INFO [main] o.a.c.c.StandardEngine [DirectJDKLog.java:173] Starting Servlet engine: [Apache Tomcat/9.0.27]
2020-06-15 15:45:28,959 INFO [main] o.a.c.c.C.[.[.[/] [DirectJDKLog.java:173] Initializing Spring embedded WebApplicationContext
2020-06-15 15:45:28,959 INFO [main] o.s.w.c.ContextLoader [ServletWebServerApplicationContext.java:284] Root WebApplicationContext: initialization completed in 1887 ms
2020-06-15 15:45:29,165 INFO [main] o.f.c.i.l.VersionPrinter [Slf4jLog.java:49] Flyway Community Edition 6.0.6 by Redgate
2020-06-15 15:45:29,175 INFO [main] c.z.h.HikariDataSource [HikariDataSource.java:110] HikariPool-1 - Starting...
2020-06-15 15:45:29,418 INFO [main] c.z.h.HikariDataSource [HikariDataSource.java:123] HikariPool-1 - Start completed.
2020-06-15 15:45:29,453 INFO [main] o.f.c.i.d.DatabaseFactory [Slf4jLog.java:49] Database: jdbc:h2:mem:testdb (H2 1.4)
2020-06-15 15:45:29,544 INFO [main] o.f.c.i.c.DbValidate [Slf4jLog.java:49] Successfully validated 2 migrations (execution time 00:00.034s)
2020-06-15 15:45:29,560 INFO [main] o.f.c.i.s.JdbcTableSchemaHistory [Slf4jLog.java:49] Creating Schema History table "PUBLIC"."flyway_schema_history" ...
2020-06-15 15:45:29,615 INFO [main] o.f.c.i.c.DbMigrate [Slf4jLog.java:49] Current version of schema "PUBLIC": << Empty Schema >>
2020-06-15 15:45:29,622 INFO [main] o.f.c.i.c.DbMigrate [Slf4jLog.java:49] Migrating schema "PUBLIC" to version 1 - init DB
2020-06-15 15:45:29,659 INFO [main] o.f.c.i.c.DbMigrate [Slf4jLog.java:49] Migrating schema "PUBLIC" to version 2 - add user and contact
2020-06-15 15:45:29,680 INFO [main] o.f.c.i.c.DbMigrate [Slf4jLog.java:49] Successfully applied 2 migrations to schema "PUBLIC" (execution time 00:00.076s)
2020-06-15 15:45:29,830 INFO [main] o.h.j.i.u.LogHelper [LogHelper.java:31] HHH000204: Processing PersistenceUnitInfo [name: default]
2020-06-15 15:45:29,970 INFO [main] o.h.Version [Version.java:46] HHH000412: Hibernate Core {5.4.6.Final}
2020-06-15 15:45:30,270 INFO [main] o.h.a.c.Version [JavaReflectionManager.java:49] HCANN000001: Hibernate Commons Annotations {5.1.0.Final}
2020-06-15 15:45:30,462 INFO [main] o.h.d.Dialect [Dialect.java:172] HHH000400: Using dialect: org.hibernate.dialect.H2Dialect
2020-06-15 15:45:31,703 INFO [main] o.h.e.t.j.p.i.JtaPlatformInitiator [JtaPlatformInitiator.java:52] HHH000490: Using JtaPlatform implementation: [org.hibernate.engine.transaction.jta.platform.internal.NoJtaPlatform]
2020-06-15 15:45:31,718 INFO [main] o.s.o.j.LocalContainerEntityManagerFactoryBean [AbstractEntityManagerFactoryBean.java:416] Initialized JPA EntityManagerFactory for persistence unit 'default'
2020-06-15 15:45:33,080 INFO [main] o.s.s.c.ThreadPoolTaskExecutor [ExecutorConfigurationSupport.java:171] Initializing ExecutorService 'applicationTaskExecutor'
2020-06-15 15:45:34,801 INFO [main] o.a.c.h.Http11NioProtocol [DirectJDKLog.java:173] Starting ProtocolHandler ["http-nio-8080"]
2020-06-15 15:45:34,881 INFO [main] o.s.b.w.e.t.TomcatWebServer [TomcatWebServer.java:204] Tomcat started on port(s): 8080 (http) with context path ''
2020-06-15 15:45:34,888 INFO [main] r.e.Application [StartupInfoLogger.java:61] Started Application in 8.552 seconds (JVM running for 9.37)
2020-06-15 15:45:35,536 INFO [http-nio-8080-exec-1] o.a.c.c.C.[.[.[/] [DirectJDKLog.java:173] Initializing Spring DispatcherServlet 'dispatcherServlet'
2020-06-15 15:45:35,537 INFO [http-nio-8080-exec-1] o.s.w.s.DispatcherServlet [FrameworkServlet.java:525] Initializing Servlet 'dispatcherServlet'
2020-06-15 15:45:35,550 INFO [http-nio-8080-exec-1] o.s.w.s.DispatcherServlet [FrameworkServlet.java:547] Completed initialization in 12 ms
2020-06-15 15:45:35,842 INFO [http-nio-8080-exec-1] r.e.s.i.UserServiceImpl [UserServiceImpl.java:74] User with this firstName:Allie and lastName:Roob is created
2020-06-15 15:45:50,469 INFO [http-nio-8080-exec-3] r.e.s.i.UserServiceImpl [UserServiceImpl.java:74] User with this firstName:Keva and lastName:Zemlak is created
2020-06-15 15:46:03,436 INFO [http-nio-8080-exec-5] r.e.s.i.UserServiceImpl [UserServiceImpl.java:65] User with this id:3 is changed
2020-06-15 15:46:26,136 INFO [http-nio-8080-exec-9] r.e.s.i.UserServiceImpl [UserServiceImpl.java:83] User with this id:4 is deleted
2020-06-15 15:47:36,213 INFO [SpringContextShutdownHook] o.s.s.c.ThreadPoolTaskExecutor [ExecutorConfigurationSupport.java:208] Shutting down ExecutorService 'applicationTaskExecutor'
2020-06-15 15:47:36,219 INFO [SpringContextShutdownHook] o.s.o.j.LocalContainerEntityManagerFactoryBean [AbstractEntityManagerFactoryBean.java:598] Closing JPA EntityManagerFactory for persistence unit 'default'
2020-06-15 15:47:36,230 INFO [SpringContextShutdownHook] c.z.h.HikariDataSource [HikariDataSource.java:350] HikariPool-1 - Shutdown initiated...
2020-06-15 15:47:36,240 INFO [SpringContextShutdownHook] c.z.h.HikariDataSource [HikariDataSource.java:352] HikariPool-1 - Shutdown completed.
2020-06-15 15:47:38,565 INFO [main] r.e.Application [StartupInfoLogger.java:55] Starting Application v1.1-SNAPSHOT on MBP-Anton with PID 88471 (/Users/simao/Downloads/DINSQA/artifacts/phonebook.jar started by simao in /Users/simao/Downloads/DINSQA)
2020-06-15 15:47:38,568 INFO [main] r.e.Application [SpringApplication.java:651] No active profile set, falling back to default profiles: default
2020-06-15 15:47:39,958 INFO [main] o.s.d.r.c.RepositoryConfigurationDelegate [RepositoryConfigurationDelegate.java:126] Bootstrapping Spring Data repositories in DEFAULT mode.
2020-06-15 15:47:40,086 INFO [main] o.s.d.r.c.RepositoryConfigurationDelegate [RepositoryConfigurationDelegate.java:182] Finished Spring Data repository scanning in 113ms. Found 2 repository interfaces.
2020-06-15 15:47:40,804 INFO [main] o.s.c.s.PostProcessorRegistrationDelegate$BeanPostProcessorChecker [PostProcessorRegistrationDelegate.java:330] Bean 'org.springframework.transaction.annotation.ProxyTransactionManagementConfiguration' of type [org.springframework.transaction.annotation.ProxyTransactionManagementConfiguration] is not eligible for getting processed by all BeanPostProcessors (for example: not eligible for auto-proxying)
2020-06-15 15:47:41,253 INFO [main] o.s.b.w.e.t.TomcatWebServer [TomcatWebServer.java:92] Tomcat initialized with port(s): 8080 (http)
2020-06-15 15:47:41,274 INFO [main] o.a.c.h.Http11NioProtocol [DirectJDKLog.java:173] Initializing ProtocolHandler ["http-nio-8080"]
2020-06-15 15:47:41,276 INFO [main] o.a.c.c.StandardService [DirectJDKLog.java:173] Starting service [Tomcat]
2020-06-15 15:47:41,276 INFO [main] o.a.c.c.StandardEngine [DirectJDKLog.java:173] Starting Servlet engine: [Apache Tomcat/9.0.27]
2020-06-15 15:47:41,377 INFO [main] o.a.c.c.C.[.[.[/] [DirectJDKLog.java:173] Initializing Spring embedded WebApplicationContext
2020-06-15 15:47:41,378 INFO [main] o.s.w.c.ContextLoader [ServletWebServerApplicationContext.java:284] Root WebApplicationContext: initialization completed in 2746 ms
2020-06-15 15:47:41,562 INFO [main] o.f.c.i.l.VersionPrinter [Slf4jLog.java:49] Flyway Community Edition 6.0.6 by Redgate
2020-06-15 15:47:41,572 INFO [main] c.z.h.HikariDataSource [HikariDataSource.java:110] HikariPool-1 - Starting...
2020-06-15 15:47:41,846 INFO [main] c.z.h.HikariDataSource [HikariDataSource.java:123] HikariPool-1 - Start completed.
2020-06-15 15:47:41,896 INFO [main] o.f.c.i.d.DatabaseFactory [Slf4jLog.java:49] Database: jdbc:h2:mem:testdb (H2 1.4)
2020-06-15 15:47:42,010 INFO [main] o.f.c.i.c.DbValidate [Slf4jLog.java:49] Successfully validated 2 migrations (execution time 00:00.038s)
2020-06-15 15:47:42,030 INFO [main] o.f.c.i.s.JdbcTableSchemaHistory [Slf4jLog.java:49] Creating Schema History table "PUBLIC"."flyway_schema_history" ...
2020-06-15 15:47:42,088 INFO [main] o.f.c.i.c.DbMigrate [Slf4jLog.java:49] Current version of schema "PUBLIC": << Empty Schema >>
2020-06-15 15:47:42,096 INFO [main] o.f.c.i.c.DbMigrate [Slf4jLog.java:49] Migrating schema "PUBLIC" to version 1 - init DB
2020-06-15 15:47:42,140 INFO [main] o.f.c.i.c.DbMigrate [Slf4jLog.java:49] Migrating schema "PUBLIC" to version 2 - add user and contact
2020-06-15 15:47:42,164 INFO [main] o.f.c.i.c.DbMigrate [Slf4jLog.java:49] Successfully applied 2 migrations to schema "PUBLIC" (execution time 00:00.087s)
2020-06-15 15:47:42,309 INFO [main] o.h.j.i.u.LogHelper [LogHelper.java:31] HHH000204: Processing PersistenceUnitInfo [name: default]
2020-06-15 15:47:42,448 INFO [main] o.h.Version [Version.java:46] HHH000412: Hibernate Core {5.4.6.Final}
2020-06-15 15:47:42,802 INFO [main] o.h.a.c.Version [JavaReflectionManager.java:49] HCANN000001: Hibernate Commons Annotations {5.1.0.Final}
2020-06-15 15:47:43,063 INFO [main] o.h.d.Dialect [Dialect.java:172] HHH000400: Using dialect: org.hibernate.dialect.H2Dialect
2020-06-15 15:47:44,254 INFO [main] o.h.e.t.j.p.i.JtaPlatformInitiator [JtaPlatformInitiator.java:52] HHH000490: Using JtaPlatform implementation: [org.hibernate.engine.transaction.jta.platform.internal.NoJtaPlatform]
2020-06-15 15:47:44,266 INFO [main] o.s.o.j.LocalContainerEntityManagerFactoryBean [AbstractEntityManagerFactoryBean.java:416] Initialized JPA EntityManagerFactory for persistence unit 'default'
2020-06-15 15:47:45,519 INFO [main] o.s.s.c.ThreadPoolTaskExecutor [ExecutorConfigurationSupport.java:171] Initializing ExecutorService 'applicationTaskExecutor'
2020-06-15 15:47:47,509 INFO [main] o.a.c.h.Http11NioProtocol [DirectJDKLog.java:173] Starting ProtocolHandler ["http-nio-8080"]
2020-06-15 15:47:47,590 INFO [main] o.s.b.w.e.t.TomcatWebServer [TomcatWebServer.java:204] Tomcat started on port(s): 8080 (http) with context path ''
2020-06-15 15:47:47,595 INFO [main] r.e.Application [StartupInfoLogger.java:61] Started Application in 9.653 seconds (JVM running for 10.454)
2020-06-15 15:47:51,870 INFO [http-nio-8080-exec-1] o.a.c.c.C.[.[.[/] [DirectJDKLog.java:173] Initializing Spring DispatcherServlet 'dispatcherServlet'
2020-06-15 15:47:51,872 INFO [http-nio-8080-exec-1] o.s.w.s.DispatcherServlet [FrameworkServlet.java:525] Initializing Servlet 'dispatcherServlet'
2020-06-15 15:47:51,887 INFO [http-nio-8080-exec-1] o.s.w.s.DispatcherServlet [FrameworkServlet.java:547] Completed initialization in 14 ms
2020-06-15 15:47:52,211 INFO [http-nio-8080-exec-1] r.e.s.i.UserServiceImpl [UserServiceImpl.java:74] User with this firstName:Larisa and lastName:Balistreri is created
2020-06-15 15:48:18,589 INFO [http-nio-8080-exec-3] r.e.s.i.UserServiceImpl [UserServiceImpl.java:65] User with this id:3 is changed
2020-06-15 15:48:39,886 INFO [http-nio-8080-exec-7] r.e.s.i.UserServiceImpl [UserServiceImpl.java:74] User with this firstName:Agustin and lastName:Waelchi is created
2020-06-15 15:48:49,037 INFO [http-nio-8080-exec-9] r.e.s.i.UserServiceImpl [UserServiceImpl.java:83] User with this id:4 is deleted
2020-06-15 16:56:52,165 INFO [http-nio-8080-exec-1] r.e.s.i.ContactServiceImpl [ContactServiceImpl.java:67] Contact with this phone number:4034306834 is created
2020-06-15 16:57:35,575 INFO [http-nio-8080-exec-3] r.e.s.i.ContactServiceImpl [ContactServiceImpl.java:67] Contact with this phone number:8186825629 is created
2020-06-15 16:57:47,012 INFO [http-nio-8080-exec-5] r.e.s.i.ContactServiceImpl [ContactServiceImpl.java:67] Contact with this phone number:4317579455 is created
2020-06-15 17:03:49,140 INFO [SpringContextShutdownHook] o.s.s.c.ThreadPoolTaskExecutor [ExecutorConfigurationSupport.java:208] Shutting down ExecutorService 'applicationTaskExecutor'
2020-06-15 17:03:49,157 INFO [SpringContextShutdownHook] o.s.o.j.LocalContainerEntityManagerFactoryBean [AbstractEntityManagerFactoryBean.java:598] Closing JPA EntityManagerFactory for persistence unit 'default'
2020-06-15 17:03:49,214 INFO [SpringContextShutdownHook] c.z.h.HikariDataSource [HikariDataSource.java:350] HikariPool-1 - Shutdown initiated...
2020-06-15 17:03:49,231 INFO [SpringContextShutdownHook] c.z.h.HikariDataSource [HikariDataSource.java:352] HikariPool-1 - Shutdown completed.
2020-06-15 17:04:03,282 INFO [main] r.e.Application [StartupInfoLogger.java:55] Starting Application v1.1-SNAPSHOT on MBP-Anton with PID 89160 (/Users/simao/Downloads/DINSQA/artifacts/phonebook.jar started by simao in /Users/simao/Downloads/DINSQA)
2020-06-15 17:04:03,286 INFO [main] r.e.Application [SpringApplication.java:651] No active profile set, falling back to default profiles: default
2020-06-15 17:04:04,205 INFO [main] o.s.d.r.c.RepositoryConfigurationDelegate [RepositoryConfigurationDelegate.java:126] Bootstrapping Spring Data repositories in DEFAULT mode.
2020-06-15 17:04:04,325 INFO [main] o.s.d.r.c.RepositoryConfigurationDelegate [RepositoryConfigurationDelegate.java:182] Finished Spring Data repository scanning in 104ms. Found 2 repository interfaces.
2020-06-15 17:04:04,884 INFO [main] o.s.c.s.PostProcessorRegistrationDelegate$BeanPostProcessorChecker [PostProcessorRegistrationDelegate.java:330] Bean 'org.springframework.transaction.annotation.ProxyTransactionManagementConfiguration' of type [org.springframework.transaction.annotation.ProxyTransactionManagementConfiguration] is not eligible for getting processed by all BeanPostProcessors (for example: not eligible for auto-proxying)
2020-06-15 17:04:05,310 INFO [main] o.s.b.w.e.t.TomcatWebServer [TomcatWebServer.java:92] Tomcat initialized with port(s): 8080 (http)
2020-06-15 17:04:05,328 INFO [main] o.a.c.h.Http11NioProtocol [DirectJDKLog.java:173] Initializing ProtocolHandler ["http-nio-8080"]
2020-06-15 17:04:05,328 INFO [main] o.a.c.c.StandardService [DirectJDKLog.java:173] Starting service [Tomcat]
2020-06-15 17:04:05,329 INFO [main] o.a.c.c.StandardEngine [DirectJDKLog.java:173] Starting Servlet engine: [Apache Tomcat/9.0.27]
2020-06-15 17:04:05,422 INFO [main] o.a.c.c.C.[.[.[/] [DirectJDKLog.java:173] Initializing Spring embedded WebApplicationContext
2020-06-15 17:04:05,422 INFO [main] o.s.w.c.ContextLoader [ServletWebServerApplicationContext.java:284] Root WebApplicationContext: initialization completed in 2067 ms
2020-06-15 17:04:05,610 INFO [main] o.f.c.i.l.VersionPrinter [Slf4jLog.java:49] Flyway Community Edition 6.0.6 by Redgate
2020-06-15 17:04:05,625 INFO [main] c.z.h.HikariDataSource [HikariDataSource.java:110] HikariPool-1 - Starting...
2020-06-15 17:04:05,881 INFO [main] c.z.h.HikariDataSource [HikariDataSource.java:123] HikariPool-1 - Start completed.
2020-06-15 17:04:05,921 INFO [main] o.f.c.i.d.DatabaseFactory [Slf4jLog.java:49] Database: jdbc:h2:mem:testdb (H2 1.4)
2020-06-15 17:04:06,004 INFO [main] o.f.c.i.c.DbValidate [Slf4jLog.java:49] Successfully validated 2 migrations (execution time 00:00.027s)
2020-06-15 17:04:06,018 INFO [main] o.f.c.i.s.JdbcTableSchemaHistory [Slf4jLog.java:49] Creating Schema History table "PUBLIC"."flyway_schema_history" ...
2020-06-15 17:04:06,058 INFO [main] o.f.c.i.c.DbMigrate [Slf4jLog.java:49] Current version of schema "PUBLIC": << Empty Schema >>
2020-06-15 17:04:06,063 INFO [main] o.f.c.i.c.DbMigrate [Slf4jLog.java:49] Migrating schema "PUBLIC" to version 1 - init DB
2020-06-15 17:04:06,089 INFO [main] o.f.c.i.c.DbMigrate [Slf4jLog.java:49] Migrating schema "PUBLIC" to version 2 - add user and contact
2020-06-15 17:04:06,104 INFO [main] o.f.c.i.c.DbMigrate [Slf4jLog.java:49] Successfully applied 2 migrations to schema "PUBLIC" (execution time 00:00.053s)
2020-06-15 17:04:06,224 INFO [main] o.h.j.i.u.LogHelper [LogHelper.java:31] HHH000204: Processing PersistenceUnitInfo [name: default]
2020-06-15 17:04:06,335 INFO [main] o.h.Version [Version.java:46] HHH000412: Hibernate Core {5.4.6.Final}
2020-06-15 17:04:06,595 INFO [main] o.h.a.c.Version [JavaReflectionManager.java:49] HCANN000001: Hibernate Commons Annotations {5.1.0.Final}
2020-06-15 17:04:06,772 INFO [main] o.h.d.Dialect [Dialect.java:172] HHH000400: Using dialect: org.hibernate.dialect.H2Dialect
2020-06-15 17:04:07,806 INFO [main] o.h.e.t.j.p.i.JtaPlatformInitiator [JtaPlatformInitiator.java:52] HHH000490: Using JtaPlatform implementation: [org.hibernate.engine.transaction.jta.platform.internal.NoJtaPlatform]
2020-06-15 17:04:07,817 INFO [main] o.s.o.j.LocalContainerEntityManagerFactoryBean [AbstractEntityManagerFactoryBean.java:416] Initialized JPA EntityManagerFactory for persistence unit 'default'
2020-06-15 17:04:08,731 INFO [main] o.s.s.c.ThreadPoolTaskExecutor [ExecutorConfigurationSupport.java:171] Initializing ExecutorService 'applicationTaskExecutor'
2020-06-15 17:04:10,349 INFO [main] o.a.c.h.Http11NioProtocol [DirectJDKLog.java:173] Starting ProtocolHandler ["http-nio-8080"]
2020-06-15 17:04:10,406 INFO [main] o.s.b.w.e.t.TomcatWebServer [TomcatWebServer.java:204] Tomcat started on port(s): 8080 (http) with context path ''
2020-06-15 17:04:10,410 INFO [main] r.e.Application [StartupInfoLogger.java:61] Started Application in 7.851 seconds (JVM running for 8.603)
2020-06-15 17:04:37,344 INFO [http-nio-8080-exec-1] o.a.c.c.C.[.[.[/] [DirectJDKLog.java:173] Initializing Spring DispatcherServlet 'dispatcherServlet'
2020-06-15 17:04:37,346 INFO [http-nio-8080-exec-1] o.s.w.s.DispatcherServlet [FrameworkServlet.java:525] Initializing Servlet 'dispatcherServlet'
2020-06-15 17:04:37,360 INFO [http-nio-8080-exec-1] o.s.w.s.DispatcherServlet [FrameworkServlet.java:547] Completed initialization in 14 ms
2020-06-15 17:07:43,818 INFO [http-nio-8080-exec-8] r.e.s.i.ContactServiceImpl [ContactServiceImpl.java:67] Contact with this phone number:6619427475 is created
2020-06-15 17:07:56,232 INFO [SpringContextShutdownHook] o.s.s.c.ThreadPoolTaskExecutor [ExecutorConfigurationSupport.java:208] Shutting down ExecutorService 'applicationTaskExecutor'
2020-06-15 17:07:56,233 INFO [SpringContextShutdownHook] o.s.o.j.LocalContainerEntityManagerFactoryBean [AbstractEntityManagerFactoryBean.java:598] Closing JPA EntityManagerFactory for persistence unit 'default'
2020-06-15 17:07:56,235 INFO [SpringContextShutdownHook] c.z.h.HikariDataSource [HikariDataSource.java:350] HikariPool-1 - Shutdown initiated...
2020-06-15 17:07:56,239 INFO [SpringContextShutdownHook] c.z.h.HikariDataSource [HikariDataSource.java:352] HikariPool-1 - Shutdown completed.
2020-06-15 17:08:12,177 INFO [main] r.e.Application [StartupInfoLogger.java:55] Starting Application v1.1-SNAPSHOT on MBP-Anton with PID 89253 (/Users/simao/Downloads/DINSQA/artifacts/phonebook.jar started by simao in /Users/simao/Downloads/DINSQA)
2020-06-15 17:08:12,180 INFO [main] r.e.Application [SpringApplication.java:651] No active profile set, falling back to default profiles: default
2020-06-15 17:08:12,799 INFO [main] o.s.d.r.c.RepositoryConfigurationDelegate [RepositoryConfigurationDelegate.java:126] Bootstrapping Spring Data repositories in DEFAULT mode.
2020-06-15 17:08:12,869 INFO [main] o.s.d.r.c.RepositoryConfigurationDelegate [RepositoryConfigurationDelegate.java:182] Finished Spring Data repository scanning in 59ms. Found 2 repository interfaces.
2020-06-15 17:08:13,223 INFO [main] o.s.c.s.PostProcessorRegistrationDelegate$BeanPostProcessorChecker [PostProcessorRegistrationDelegate.java:330] Bean 'org.springframework.transaction.annotation.ProxyTransactionManagementConfiguration' of type [org.springframework.transaction.annotation.ProxyTransactionManagementConfiguration] is not eligible for getting processed by all BeanPostProcessors (for example: not eligible for auto-proxying)
2020-06-15 17:08:13,494 INFO [main] o.s.b.w.e.t.TomcatWebServer [TomcatWebServer.java:92] Tomcat initialized with port(s): 8080 (http)
2020-06-15 17:08:13,505 INFO [main] o.a.c.h.Http11NioProtocol [DirectJDKLog.java:173] Initializing ProtocolHandler ["http-nio-8080"]
2020-06-15 17:08:13,506 INFO [main] o.a.c.c.StandardService [DirectJDKLog.java:173] Starting service [Tomcat]
2020-06-15 17:08:13,506 INFO [main] o.a.c.c.StandardEngine [DirectJDKLog.java:173] Starting Servlet engine: [Apache Tomcat/9.0.27]
2020-06-15 17:08:13,565 INFO [main] o.a.c.c.C.[.[.[/] [DirectJDKLog.java:173] Initializing Spring embedded WebApplicationContext
2020-06-15 17:08:13,566 INFO [main] o.s.w.c.ContextLoader [ServletWebServerApplicationContext.java:284] Root WebApplicationContext: initialization completed in 1335 ms
2020-06-15 17:08:13,694 INFO [main] o.f.c.i.l.VersionPrinter [Slf4jLog.java:49] Flyway Community Edition 6.0.6 by Redgate
2020-06-15 17:08:13,702 INFO [main] c.z.h.HikariDataSource [HikariDataSource.java:110] HikariPool-1 - Starting...
2020-06-15 17:08:13,895 INFO [main] c.z.h.HikariDataSource [HikariDataSource.java:123] HikariPool-1 - Start completed.
2020-06-15 17:08:13,934 INFO [main] o.f.c.i.d.DatabaseFactory [Slf4jLog.java:49] Database: jdbc:h2:mem:testdb (H2 1.4)
2020-06-15 17:08:14,019 INFO [main] o.f.c.i.c.DbValidate [Slf4jLog.java:49] Successfully validated 2 migrations (execution time 00:00.030s)
2020-06-15 17:08:14,031 INFO [main] o.f.c.i.s.JdbcTableSchemaHistory [Slf4jLog.java:49] Creating Schema History table "PUBLIC"."flyway_schema_history" ...
2020-06-15 17:08:14,066 INFO [main] o.f.c.i.c.DbMigrate [Slf4jLog.java:49] Current version of schema "PUBLIC": << Empty Schema >>
2020-06-15 17:08:14,071 INFO [main] o.f.c.i.c.DbMigrate [Slf4jLog.java:49] Migrating schema "PUBLIC" to version 1 - init DB
2020-06-15 17:08:14,092 INFO [main] o.f.c.i.c.DbMigrate [Slf4jLog.java:49] Migrating schema "PUBLIC" to version 2 - add user and contact
2020-06-15 17:08:14,104 INFO [main] o.f.c.i.c.DbMigrate [Slf4jLog.java:49] Successfully applied 2 migrations to schema "PUBLIC" (execution time 00:00.044s)
2020-06-15 17:08:14,196 INFO [main] o.h.j.i.u.LogHelper [LogHelper.java:31] HHH000204: Processing PersistenceUnitInfo [name: default]
2020-06-15 17:08:14,283 INFO [main] o.h.Version [Version.java:46] HHH000412: Hibernate Core {5.4.6.Final}
2020-06-15 17:08:14,497 INFO [main] o.h.a.c.Version [JavaReflectionManager.java:49] HCANN000001: Hibernate Commons Annotations {5.1.0.Final}
2020-06-15 17:08:14,640 INFO [main] o.h.d.Dialect [Dialect.java:172] HHH000400: Using dialect: org.hibernate.dialect.H2Dialect
2020-06-15 17:08:15,430 INFO [main] o.h.e.t.j.p.i.JtaPlatformInitiator [JtaPlatformInitiator.java:52] HHH000490: Using JtaPlatform implementation: [org.hibernate.engine.transaction.jta.platform.internal.NoJtaPlatform]
2020-06-15 17:08:15,438 INFO [main] o.s.o.j.LocalContainerEntityManagerFactoryBean [AbstractEntityManagerFactoryBean.java:416] Initialized JPA EntityManagerFactory for persistence unit 'default'
2020-06-15 17:08:16,148 INFO [main] o.s.s.c.ThreadPoolTaskExecutor [ExecutorConfigurationSupport.java:171] Initializing ExecutorService 'applicationTaskExecutor'
2020-06-15 17:08:17,238 INFO [main] o.a.c.h.Http11NioProtocol [DirectJDKLog.java:173] Starting ProtocolHandler ["http-nio-8080"]
2020-06-15 17:08:17,291 INFO [main] o.s.b.w.e.t.TomcatWebServer [TomcatWebServer.java:204] Tomcat started on port(s): 8080 (http) with context path ''
2020-06-15 17:08:17,294 INFO [main] r.e.Application [StartupInfoLogger.java:61] Started Application in 5.706 seconds (JVM running for 6.312)
2020-06-15 17:08:20,190 INFO [http-nio-8080-exec-1] o.a.c.c.C.[.[.[/] [DirectJDKLog.java:173] Initializing Spring DispatcherServlet 'dispatcherServlet'
2020-06-15 17:08:20,191 INFO [http-nio-8080-exec-1] o.s.w.s.DispatcherServlet [FrameworkServlet.java:525] Initializing Servlet 'dispatcherServlet'
2020-06-15 17:08:20,202 INFO [http-nio-8080-exec-1] o.s.w.s.DispatcherServlet [FrameworkServlet.java:547] Completed initialization in 11 ms
2020-06-15 17:08:20,462 INFO [http-nio-8080-exec-1] r.e.s.i.ContactServiceImpl [ContactServiceImpl.java:67] Contact with this phone number:5909595518 is created
2020-06-15 17:08:34,571 INFO [http-nio-8080-exec-3] r.e.s.i.ContactServiceImpl [ContactServiceImpl.java:67] Contact with this phone number:1355236876 is created
2020-06-15 17:21:43,652 INFO [http-nio-8080-exec-5] r.e.s.i.UserServiceImpl [UserServiceImpl.java:74] User with this firstName:Connie and lastName:Mayert is created
2020-06-15 17:21:44,594 INFO [http-nio-8080-exec-3] r.e.s.i.UserServiceImpl [UserServiceImpl.java:74] User with this firstName:Jessenia and lastName:Schamberger is created
2020-06-15 17:21:44,723 INFO [http-nio-8080-exec-6] r.e.s.i.UserServiceImpl [UserServiceImpl.java:65] User with this id:3 is changed
2020-06-15 17:23:50,747 INFO [http-nio-8080-exec-9] r.e.s.i.UserServiceImpl [UserServiceImpl.java:65] User with this id:1 is changed
2020-06-15 17:23:50,830 INFO [http-nio-8080-exec-10] r.e.s.i.UserServiceImpl [UserServiceImpl.java:83] User with this id:2 is deleted
2020-06-15 17:23:50,998 INFO [http-nio-8080-exec-10] o.h.e.j.b.i.AbstractBatchImpl [AbstractBatchImpl.java:204] HHH000010: On release of batch it still contained JDBC statements
2020-06-15 17:23:51,269 INFO [http-nio-8080-exec-4] r.e.s.i.UserServiceImpl [UserServiceImpl.java:74] User with this firstName:Rob and lastName:Hagenes is created
2020-06-15 17:23:51,400 INFO [http-nio-8080-exec-8] r.e.s.i.UserServiceImpl [UserServiceImpl.java:74] User with this firstName:Dallas and lastName:Champlin is created
2020-06-15 17:25:23,768 INFO [http-nio-8080-exec-1] r.e.s.i.UserServiceImpl [UserServiceImpl.java:74] User with this firstName:Ezekiel and lastName:Vandervort is created
2020-06-15 17:26:47,522 INFO [SpringContextShutdownHook] o.s.s.c.ThreadPoolTaskExecutor [ExecutorConfigurationSupport.java:208] Shutting down ExecutorService 'applicationTaskExecutor'
2020-06-15 17:26:47,533 INFO [SpringContextShutdownHook] o.s.o.j.LocalContainerEntityManagerFactoryBean [AbstractEntityManagerFactoryBean.java:598] Closing JPA EntityManagerFactory for persistence unit 'default'
2020-06-15 17:26:47,560 INFO [SpringContextShutdownHook] c.z.h.HikariDataSource [HikariDataSource.java:350] HikariPool-1 - Shutdown initiated...
2020-06-15 17:26:47,575 INFO [SpringContextShutdownHook] c.z.h.HikariDataSource [HikariDataSource.java:352] HikariPool-1 - Shutdown completed.
2020-06-15 17:27:01,312 INFO [main] r.e.Application [StartupInfoLogger.java:55] Starting Application v1.1-SNAPSHOT on MBP-Anton with PID 89459 (/Users/simao/Downloads/DINSQA/artifacts/phonebook.jar started by simao in /Users/simao/Downloads/DINSQA)
2020-06-15 17:27:01,317 INFO [main] r.e.Application [SpringApplication.java:651] No active profile set, falling back to default profiles: default
2020-06-15 17:27:02,036 INFO [main] o.s.d.r.c.RepositoryConfigurationDelegate [RepositoryConfigurationDelegate.java:126] Bootstrapping Spring Data repositories in DEFAULT mode.
2020-06-15 17:27:02,120 INFO [main] o.s.d.r.c.RepositoryConfigurationDelegate [RepositoryConfigurationDelegate.java:182] Finished Spring Data repository scanning in 72ms. Found 2 repository interfaces.
2020-06-15 17:27:02,480 INFO [main] o.s.c.s.PostProcessorRegistrationDelegate$BeanPostProcessorChecker [PostProcessorRegistrationDelegate.java:330] Bean 'org.springframework.transaction.annotation.ProxyTransactionManagementConfiguration' of type [org.springframework.transaction.annotation.ProxyTransactionManagementConfiguration] is not eligible for getting processed by all BeanPostProcessors (for example: not eligible for auto-proxying)
2020-06-15 17:27:02,789 INFO [main] o.s.b.w.e.t.TomcatWebServer [TomcatWebServer.java:92] Tomcat initialized with port(s): 8080 (http)
2020-06-15 17:27:02,801 INFO [main] o.a.c.h.Http11NioProtocol [DirectJDKLog.java:173] Initializing ProtocolHandler ["http-nio-8080"]
2020-06-15 17:27:02,801 INFO [main] o.a.c.c.StandardService [DirectJDKLog.java:173] Starting service [Tomcat]
2020-06-15 17:27:02,802 INFO [main] o.a.c.c.StandardEngine [DirectJDKLog.java:173] Starting Servlet engine: [Apache Tomcat/9.0.27]
2020-06-15 17:27:02,868 INFO [main] o.a.c.c.C.[.[.[/] [DirectJDKLog.java:173] Initializing Spring embedded WebApplicationContext
2020-06-15 17:27:02,869 INFO [main] o.s.w.c.ContextLoader [ServletWebServerApplicationContext.java:284] Root WebApplicationContext: initialization completed in 1497 ms
2020-06-15 17:27:03,018 INFO [main] o.f.c.i.l.VersionPrinter [Slf4jLog.java:49] Flyway Community Edition 6.0.6 by Redgate
2020-06-15 17:27:03,026 INFO [main] c.z.h.HikariDataSource [HikariDataSource.java:110] HikariPool-1 - Starting...
2020-06-15 17:27:03,240 INFO [main] c.z.h.HikariDataSource [HikariDataSource.java:123] HikariPool-1 - Start completed.
2020-06-15 17:27:03,271 INFO [main] o.f.c.i.d.DatabaseFactory [Slf4jLog.java:49] Database: jdbc:h2:mem:testdb (H2 1.4)
2020-06-15 17:27:03,343 INFO [main] o.f.c.i.c.DbValidate [Slf4jLog.java:49] Successfully validated 2 migrations (execution time 00:00.025s)
2020-06-15 17:27:03,356 INFO [main] o.f.c.i.s.JdbcTableSchemaHistory [Slf4jLog.java:49] Creating Schema History table "PUBLIC"."flyway_schema_history" ...
2020-06-15 17:27:03,398 INFO [main] o.f.c.i.c.DbMigrate [Slf4jLog.java:49] Current version of schema "PUBLIC": << Empty Schema >>
2020-06-15 17:27:03,404 INFO [main] o.f.c.i.c.DbMigrate [Slf4jLog.java:49] Migrating schema "PUBLIC" to version 1 - init DB
2020-06-15 17:27:03,429 INFO [main] o.f.c.i.c.DbMigrate [Slf4jLog.java:49] Migrating schema "PUBLIC" to version 2 - add user and contact
2020-06-15 17:27:03,445 INFO [main] o.f.c.i.c.DbMigrate [Slf4jLog.java:49] Successfully applied 2 migrations to schema "PUBLIC" (execution time 00:00.054s)
2020-06-15 17:27:03,553 INFO [main] o.h.j.i.u.LogHelper [LogHelper.java:31] HHH000204: Processing PersistenceUnitInfo [name: default]
2020-06-15 17:27:03,651 INFO [main] o.h.Version [Version.java:46] HHH000412: Hibernate Core {5.4.6.Final}
2020-06-15 17:27:03,952 INFO [main] o.h.a.c.Version [JavaReflectionManager.java:49] HCANN000001: Hibernate Commons Annotations {5.1.0.Final}
2020-06-15 17:27:04,118 INFO [main] o.h.d.Dialect [Dialect.java:172] HHH000400: Using dialect: org.hibernate.dialect.H2Dialect
2020-06-15 17:27:05,011 INFO [main] o.h.e.t.j.p.i.JtaPlatformInitiator [JtaPlatformInitiator.java:52] HHH000490: Using JtaPlatform implementation: [org.hibernate.engine.transaction.jta.platform.internal.NoJtaPlatform]
2020-06-15 17:27:05,019 INFO [main] o.s.o.j.LocalContainerEntityManagerFactoryBean [AbstractEntityManagerFactoryBean.java:416] Initialized JPA EntityManagerFactory for persistence unit 'default'
2020-06-15 17:27:05,766 INFO [main] o.s.s.c.ThreadPoolTaskExecutor [ExecutorConfigurationSupport.java:171] Initializing ExecutorService 'applicationTaskExecutor'
2020-06-15 17:27:07,279 INFO [main] o.a.c.h.Http11NioProtocol [DirectJDKLog.java:173] Starting ProtocolHandler ["http-nio-8080"]
2020-06-15 17:27:07,338 INFO [main] o.s.b.w.e.t.TomcatWebServer [TomcatWebServer.java:204] Tomcat started on port(s): 8080 (http) with context path ''
2020-06-15 17:27:07,341 INFO [main] r.e.Application [StartupInfoLogger.java:61] Started Application in 6.485 seconds (JVM running for 7.147)
2020-06-15 17:27:11,940 INFO [http-nio-8080-exec-1] o.a.c.c.C.[.[.[/] [DirectJDKLog.java:173] Initializing Spring DispatcherServlet 'dispatcherServlet'
2020-06-15 17:27:11,941 INFO [http-nio-8080-exec-1] o.s.w.s.DispatcherServlet [FrameworkServlet.java:525] Initializing Servlet 'dispatcherServlet'
2020-06-15 17:27:11,952 INFO [http-nio-8080-exec-1] o.s.w.s.DispatcherServlet [FrameworkServlet.java:547] Completed initialization in 11 ms
2020-06-15 17:27:12,151 INFO [http-nio-8080-exec-1] r.e.s.i.UserServiceImpl [UserServiceImpl.java:74] User with this firstName:Rolland and lastName:Leffler is created
2020-06-15 17:27:22,366 INFO [http-nio-8080-exec-3] r.e.s.i.UserServiceImpl [UserServiceImpl.java:74] User with this firstName:Many and lastName:Fay is created
2020-06-15 17:27:30,281 INFO [http-nio-8080-exec-5] r.e.s.i.UserServiceImpl [UserServiceImpl.java:65] User with this id:1 is changed
2020-06-15 17:27:45,692 INFO [http-nio-8080-exec-7] r.e.s.i.UserServiceImpl [UserServiceImpl.java:83] User with this id:2 is deleted
2020-06-15 17:27:45,714 INFO [http-nio-8080-exec-7] o.h.e.j.b.i.AbstractBatchImpl [AbstractBatchImpl.java:204] HHH000010: On release of batch it still contained JDBC statements
2020-06-15 17:28:07,630 INFO [http-nio-8080-exec-8] r.e.s.i.UserServiceImpl [UserServiceImpl.java:83] User with this id:1 is deleted
2020-06-15 17:28:07,634 INFO [http-nio-8080-exec-8] o.h.e.j.b.i.AbstractBatchImpl [AbstractBatchImpl.java:204] HHH000010: On release of batch it still contained JDBC statements
2020-06-15 17:28:36,749 INFO [http-nio-8080-exec-9] r.e.s.i.UserServiceImpl [UserServiceImpl.java:83] User with this id:2 is deleted
2020-06-15 17:28:36,752 INFO [http-nio-8080-exec-9] o.h.e.j.b.i.AbstractBatchImpl [AbstractBatchImpl.java:204] HHH000010: On release of batch it still contained JDBC statements
2020-06-15 17:29:45,120 INFO [http-nio-8080-exec-10] r.e.s.i.UserServiceImpl [UserServiceImpl.java:83] User with this id:3 is deleted
2020-06-15 17:32:05,036 INFO [SpringContextShutdownHook] o.s.s.c.ThreadPoolTaskExecutor [ExecutorConfigurationSupport.java:208] Shutting down ExecutorService 'applicationTaskExecutor'
2020-06-15 17:32:05,039 INFO [SpringContextShutdownHook] o.s.o.j.LocalContainerEntityManagerFactoryBean [AbstractEntityManagerFactoryBean.java:598] Closing JPA EntityManagerFactory for persistence unit 'default'
2020-06-15 17:32:05,044 INFO [SpringContextShutdownHook] c.z.h.HikariDataSource [HikariDataSource.java:350] HikariPool-1 - Shutdown initiated...
2020-06-15 17:32:05,048 INFO [SpringContextShutdownHook] c.z.h.HikariDataSource [HikariDataSource.java:352] HikariPool-1 - Shutdown completed.
2020-06-15 17:32:16,861 INFO [main] r.e.Application [StartupInfoLogger.java:55] Starting Application v1.1-SNAPSHOT on MBP-Anton with PID 89549 (/Users/simao/Downloads/DINSQA/artifacts/phonebook.jar started by simao in /Users/simao/Downloads/DINSQA)
2020-06-15 17:32:16,865 INFO [main] r.e.Application [SpringApplication.java:651] No active profile set, falling back to default profiles: default
2020-06-15 17:32:17,599 INFO [main] o.s.d.r.c.RepositoryConfigurationDelegate [RepositoryConfigurationDelegate.java:126] Bootstrapping Spring Data repositories in DEFAULT mode.
2020-06-15 17:32:17,685 INFO [main] o.s.d.r.c.RepositoryConfigurationDelegate [RepositoryConfigurationDelegate.java:182] Finished Spring Data repository scanning in 73ms. Found 2 repository interfaces.
2020-06-15 17:32:18,119 INFO [main] o.s.c.s.PostProcessorRegistrationDelegate$BeanPostProcessorChecker [PostProcessorRegistrationDelegate.java:330] Bean 'org.springframework.transaction.annotation.ProxyTransactionManagementConfiguration' of type [org.springframework.transaction.annotation.ProxyTransactionManagementConfiguration] is not eligible for getting processed by all BeanPostProcessors (for example: not eligible for auto-proxying)
2020-06-15 17:32:18,472 INFO [main] o.s.b.w.e.t.TomcatWebServer [TomcatWebServer.java:92] Tomcat initialized with port(s): 8080 (http)
2020-06-15 17:32:18,491 INFO [main] o.a.c.h.Http11NioProtocol [DirectJDKLog.java:173] Initializing ProtocolHandler ["http-nio-8080"]
2020-06-15 17:32:18,492 INFO [main] o.a.c.c.StandardService [DirectJDKLog.java:173] Starting service [Tomcat]
2020-06-15 17:32:18,492 INFO [main] o.a.c.c.StandardEngine [DirectJDKLog.java:173] Starting Servlet engine: [Apache Tomcat/9.0.27]
2020-06-15 17:32:18,574 INFO [main] o.a.c.c.C.[.[.[/] [DirectJDKLog.java:173] Initializing Spring embedded WebApplicationContext
2020-06-15 17:32:18,574 INFO [main] o.s.w.c.ContextLoader [ServletWebServerApplicationContext.java:284] Root WebApplicationContext: initialization completed in 1643 ms
2020-06-15 17:32:18,729 INFO [main] o.f.c.i.l.VersionPrinter [Slf4jLog.java:49] Flyway Community Edition 6.0.6 by Redgate
2020-06-15 17:32:18,737 INFO [main] c.z.h.HikariDataSource [HikariDataSource.java:110] HikariPool-1 - Starting...
2020-06-15 17:32:18,946 INFO [main] c.z.h.HikariDataSource [HikariDataSource.java:123] HikariPool-1 - Start completed.
2020-06-15 17:32:18,977 INFO [main] o.f.c.i.d.DatabaseFactory [Slf4jLog.java:49] Database: jdbc:h2:mem:testdb (H2 1.4)
2020-06-15 17:32:19,052 INFO [main] o.f.c.i.c.DbValidate [Slf4jLog.java:49] Successfully validated 2 migrations (execution time 00:00.027s)
2020-06-15 17:32:19,065 INFO [main] o.f.c.i.s.JdbcTableSchemaHistory [Slf4jLog.java:49] Creating Schema History table "PUBLIC"."flyway_schema_history" ...
2020-06-15 17:32:19,107 INFO [main] o.f.c.i.c.DbMigrate [Slf4jLog.java:49] Current version of schema "PUBLIC": << Empty Schema >>
2020-06-15 17:32:19,112 INFO [main] o.f.c.i.c.DbMigrate [Slf4jLog.java:49] Migrating schema "PUBLIC" to version 1 - init DB
2020-06-15 17:32:19,140 INFO [main] o.f.c.i.c.DbMigrate [Slf4jLog.java:49] Migrating schema "PUBLIC" to version 2 - add user and contact
2020-06-15 17:32:19,156 INFO [main] o.f.c.i.c.DbMigrate [Slf4jLog.java:49] Successfully applied 2 migrations to schema "PUBLIC" (execution time 00:00.058s)
2020-06-15 17:32:19,269 INFO [main] o.h.j.i.u.LogHelper [LogHelper.java:31] HHH000204: Processing PersistenceUnitInfo [name: default]
2020-06-15 17:32:19,375 INFO [main] o.h.Version [Version.java:46] HHH000412: Hibernate Core {5.4.6.Final}
2020-06-15 17:32:19,635 INFO [main] o.h.a.c.Version [JavaReflectionManager.java:49] HCANN000001: Hibernate Commons Annotations {5.1.0.Final}
2020-06-15 17:32:19,817 INFO [main] o.h.d.Dialect [Dialect.java:172] HHH000400: Using dialect: org.hibernate.dialect.H2Dialect
2020-06-15 17:32:20,766 INFO [main] o.h.e.t.j.p.i.JtaPlatformInitiator [JtaPlatformInitiator.java:52] HHH000490: Using JtaPlatform implementation: [org.hibernate.engine.transaction.jta.platform.internal.NoJtaPlatform]
2020-06-15 17:32:20,775 INFO [main] o.s.o.j.LocalContainerEntityManagerFactoryBean [AbstractEntityManagerFactoryBean.java:416] Initialized JPA EntityManagerFactory for persistence unit 'default'
2020-06-15 17:32:21,687 INFO [main] o.s.s.c.ThreadPoolTaskExecutor [ExecutorConfigurationSupport.java:171] Initializing ExecutorService 'applicationTaskExecutor'
2020-06-15 17:32:23,452 INFO [main] o.a.c.h.Http11NioProtocol [DirectJDKLog.java:173] Starting ProtocolHandler ["http-nio-8080"]
2020-06-15 17:32:23,508 INFO [main] o.s.b.w.e.t.TomcatWebServer [TomcatWebServer.java:204] Tomcat started on port(s): 8080 (http) with context path ''
2020-06-15 17:32:23,512 INFO [main] r.e.Application [StartupInfoLogger.java:61] Started Application in 7.122 seconds (JVM running for 7.809)
2020-06-15 17:32:25,789 INFO [http-nio-8080-exec-1] o.a.c.c.C.[.[.[/] [DirectJDKLog.java:173] Initializing Spring DispatcherServlet 'dispatcherServlet'
2020-06-15 17:32:25,790 INFO [http-nio-8080-exec-1] o.s.w.s.DispatcherServlet [FrameworkServlet.java:525] Initializing Servlet 'dispatcherServlet'
2020-06-15 17:32:25,801 INFO [http-nio-8080-exec-1] o.s.w.s.DispatcherServlet [FrameworkServlet.java:547] Completed initialization in 11 ms
2020-06-15 17:32:25,990 INFO [http-nio-8080-exec-1] r.e.s.i.UserServiceImpl [UserServiceImpl.java:74] User with this firstName:Cory and lastName:Gutkowski is created
2020-06-15 17:33:23,720 INFO [http-nio-8080-exec-3] r.e.s.i.UserServiceImpl [UserServiceImpl.java:65] User with this id:1 is changed
2020-06-15 17:33:59,475 INFO [http-nio-8080-exec-5] r.e.s.i.UserServiceImpl [UserServiceImpl.java:83] User with this id:3 is deleted
